app/build/outputs/apk/manifest-merger-release-report.txt
-- Merging decision tree log ---
manifest
ADDED from AndroidManifest.xml:11:1
	xmlns:android
		ADDED from AndroidManifest.xml:11:11
	package
		ADDED from AndroidManifest.xml:12:2
		INJECTED from AndroidManifest.xml:0:0
		INJECTED from AndroidManifest.xml:0:0
uses-sdk
ADDED from AndroidManifest.xml:14:2
	android:targetSdkVersion
		ADDED from AndroidManifest.xml:14:39
		INJECTED from AndroidManifest.xml:0:0
		INJECTED from AndroidManifest.xml:0:0
	android:minSdkVersion
		ADDED from AndroidManifest.xml:14:12
		INJECTED from AndroidManifest.xml:0:0
		INJECTED from AndroidManifest.xml:0:0
	android:maxSdkVersion
		ADDED from AndroidManifest.xml:15:3
permission#com.android.launcher3.permission.PRELOAD_WORKSPACE
ADDED from AndroidManifest.xml:17:2
	android:permissionGroup
		ADDED from AndroidManifest.xml:18:3
	android:name
		ADDED from AndroidManifest.xml:17:14
permission#com.android.launcher.permission.INSTALL_SHORTCUT
ADDED from AndroidManifest.xml:20:2
	android:label
		ADDED from AndroidManifest.xml:22:39
	android:protectionLevel
		ADDED from AndroidManifest.xml:22:3
	android:description
		ADDED from AndroidManifest.xml:23:3
	android:permissionGroup
		ADDED from AndroidManifest.xml:21:3
	android:name
		ADDED from AndroidManifest.xml:20:14
permission#com.android.launcher.permission.UNINSTALL_SHORTCUT
ADDED from AndroidManifest.xml:24:2
	android:label
		ADDED from AndroidManifest.xml:26:39
	android:protectionLevel
		ADDED from AndroidManifest.xml:26:3
	android:description
		ADDED from AndroidManifest.xml:27:3
	android:permissionGroup
		ADDED from AndroidManifest.xml:25:3
	android:name
		ADDED from AndroidManifest.xml:24:14
permission#com.android.launcher3.permission.READ_SETTINGS
ADDED from AndroidManifest.xml:28:2
	android:label
		ADDED from AndroidManifest.xml:30:36
	android:protectionLevel
		ADDED from AndroidManifest.xml:30:3
	android:description
		ADDED from AndroidManifest.xml:31:3
	android:permissionGroup
		ADDED from AndroidManifest.xml:29:3
	android:name
		ADDED from AndroidManifest.xml:28:14
permission#com.android.launcher3.permission.WRITE_SETTINGS
ADDED from AndroidManifest.xml:32:2
	android:label
		ADDED from AndroidManifest.xml:34:36
	android:protectionLevel
		ADDED from AndroidManifest.xml:34:3
	android:description
		ADDED from AndroidManifest.xml:35:3
	android:permissionGroup
		ADDED from AndroidManifest.xml:33:3
	android:name
		ADDED from AndroidManifest.xml:32:14
permission#com.android.launcher3.permission.RECEIVE_LAUNCH_BROADCASTS
ADDED from AndroidManifest.xml:37:2
	android:protectionLevel
		ADDED from AndroidManifest.xml:39:3
	android:name
		ADDED from AndroidManifest.xml:38:3
uses-permission#android.permission.CALL_PHONE
ADDED from AndroidManifest.xml:41:2
	android:name
		ADDED from AndroidManifest.xml:41:19
uses-permission#android.permission.SET_WALLPAPER
ADDED from AndroidManifest.xml:42:2
	android:name
		ADDED from AndroidManifest.xml:42:19
uses-permission#android.permission.SET_WALLPAPER_HINTS
ADDED from AndroidManifest.xml:43:2
	android:name
		ADDED from AndroidManifest.xml:43:19
uses-permission#android.permission.VIBRATE
ADDED from AndroidManifest.xml:44:2
	android:name
		ADDED from AndroidManifest.xml:44:19
uses-permission#android.permission.GET_ACCOUNTS
ADDED from AndroidManifest.xml:45:2
	android:name
		ADDED from AndroidManifest.xml:45:19
uses-permission#android.permission.READ_EXTERNAL_STORAGE
ADDED from AndroidManifest.xml:46:2
	android:name
		ADDED from AndroidManifest.xml:46:19
uses-permission#com.android.launcher.permission.READ_SETTINGS
ADDED from AndroidManifest.xml:47:2
	android:name
		ADDED from AndroidManifest.xml:47:19
uses-permission#com.android.launcher.permission.WRITE_SETTINGS
ADDED from AndroidManifest.xml:48:2
	android:name
		ADDED from AndroidManifest.xml:48:19
uses-permission#com.android.launcher3.permission.READ_SETTINGS
ADDED from AndroidManifest.xml:49:2
	android:name
		ADDED from AndroidManifest.xml:49:19
uses-permission#com.android.launcher3.permission.WRITE_SETTINGS
ADDED from AndroidManifest.xml:50:2
	android:name
		ADDED from AndroidManifest.xml:50:19
uses-permission#com.android.launcher3.permission.RECEIVE_LAUNCH_BROADCASTS
ADDED from AndroidManifest.xml:51:2
	android:name
		ADDED from AndroidManifest.xml:52:3
application
ADDED from AndroidManifest.xml:54:2
	android:supportsRtl
		ADDED from AndroidManifest.xml:57:3
	android:label
		ADDED from AndroidManifest.xml:55:3
	android:icon
		ADDED from AndroidManifest.xml:55:44
	android:hardwareAccelerated
		ADDED from AndroidManifest.xml:56:3
	android:largeHeap
		ADDED from AndroidManifest.xml:56:38
	android:name
		ADDED from AndroidManifest.xml:54:15
activity#com.android.launcher3.Launcher
ADDED from AndroidManifest.xml:58:3
	android:windowSoftInputMode
		ADDED from AndroidManifest.xml:61:4
	android:screenOrientation
		ADDED from AndroidManifest.xml:61:44
	android:theme
		ADDED from AndroidManifest.xml:60:34
	android:stateNotNeeded
		ADDED from AndroidManifest.xml:60:4
	android:clearTaskOnLaunch
		ADDED from AndroidManifest.xml:59:36
	android:name
		ADDED from AndroidManifest.xml:58:13
	android:launchMode
		ADDED from AndroidManifest.xml:59:4
intent-filter#android.intent.action.MAIN+android.intent.category.DEFAULT+android.intent.category.HOME+android.intent.category.MONKEY
ADDED from AndroidManifest.xml:62:4
action#android.intent.action.MAIN
ADDED from AndroidManifest.xml:63:5
	android:name
		ADDED from AndroidManifest.xml:63:13
category#android.intent.category.HOME
ADDED from AndroidManifest.xml:64:5
	android:name
		ADDED from AndroidManifest.xml:64:15
category#android.intent.category.DEFAULT
ADDED from AndroidManifest.xml:65:5
	android:name
		ADDED from AndroidManifest.xml:65:15
category#android.intent.category.MONKEY
ADDED from AndroidManifest.xml:66:5
	android:name
		ADDED from AndroidManifest.xml:66:15
activity#com.android.launcher3.ToggleWeightWatcher
ADDED from AndroidManifest.xml:70:3
	android:label
		ADDED from AndroidManifest.xml:71:4
	android:icon
		ADDED from AndroidManifest.xml:72:4
	android:enabled
		ADDED from AndroidManifest.xml:71:50
	android:name
		ADDED from AndroidManifest.xml:70:13
intent-filter#android.intent.action.MAIN+android.intent.category.DEFAULT+android.intent.category.LAUNCHER
ADDED from AndroidManifest.xml:73:4
category#android.intent.category.LAUNCHER
ADDED from AndroidManifest.xml:76:5
	android:name
		ADDED from AndroidManifest.xml:76:15
activity#com.android.launcher3.WallpaperPickerActivity
ADDED from AndroidManifest.xml:80:3
	android:label
		ADDED from AndroidManifest.xml:81:50
	android:icon
		ADDED from AndroidManifest.xml:82:4
	android:theme
		ADDED from AndroidManifest.xml:81:4
	android:process
		ADDED from AndroidManifest.xml:83:46
	android:finishOnCloseSystemDialogs
		ADDED from AndroidManifest.xml:83:4
	android:name
		ADDED from AndroidManifest.xml:80:13
intent-filter#android.intent.action.SET_WALLPAPER+android.intent.category.DEFAULT
ADDED from AndroidManifest.xml:84:4
action#android.intent.action.SET_WALLPAPER
ADDED from AndroidManifest.xml:85:5
	android:name
		ADDED from AndroidManifest.xml:85:13
activity#com.android.launcher3.WallpaperCropActivity
ADDED from AndroidManifest.xml:90:3
	android:label
		ADDED from AndroidManifest.xml:91:50
	android:icon
		ADDED from AndroidManifest.xml:92:4
	android:theme
		ADDED from AndroidManifest.xml:91:4
	android:process
		ADDED from AndroidManifest.xml:93:46
	android:finishOnCloseSystemDialogs
		ADDED from AndroidManifest.xml:93:4
	android:name
		ADDED from AndroidManifest.xml:90:13
intent-filter#android.intent.category.DEFAULT+android.service.wallpaper.CROP_AND_SET_WALLPAPER
ADDED from AndroidManifest.xml:94:4
action#android.service.wallpaper.CROP_AND_SET_WALLPAPER
ADDED from AndroidManifest.xml:95:5
	android:name
		ADDED from AndroidManifest.xml:95:13
data
ADDED from AndroidManifest.xml:97:5
	android:mimeType
		ADDED from AndroidManifest.xml:97:11
activity#com.android.launcher3.MemoryDumpActivity
ADDED from AndroidManifest.xml:102:3
	android:label
		ADDED from AndroidManifest.xml:103:51
	android:icon
		ADDED from AndroidManifest.xml:105:38
	android:theme
		ADDED from AndroidManifest.xml:103:4
	android:enabled
		ADDED from AndroidManifest.xml:104:4
	android:excludeFromRecents
		ADDED from AndroidManifest.xml:105:4
	android:name
		ADDED from AndroidManifest.xml:102:13
service#com.android.launcher3.MemoryTracker
ADDED from AndroidManifest.xml:113:3
	android:enabled
		ADDED from AndroidManifest.xml:114:4
	android:name
		ADDED from AndroidManifest.xml:113:12
receiver#com.android.launcher3.PreloadReceiver
ADDED from AndroidManifest.xml:118:3
	android:permission
		ADDED from AndroidManifest.xml:119:4
	android:name
		ADDED from AndroidManifest.xml:118:13
intent-filter#com.android.launcher3.action.PRELOAD_WORKSPACE
ADDED from AndroidManifest.xml:120:4
action#com.android.launcher3.action.PRELOAD_WORKSPACE
ADDED from AndroidManifest.xml:121:5
	android:name
		ADDED from AndroidManifest.xml:121:13
receiver#com.android.launcher3.InstallShortcutReceiver
ADDED from AndroidManifest.xml:126:3
	android:permission
		ADDED from AndroidManifest.xml:127:4
	android:name
		ADDED from AndroidManifest.xml:126:13
intent-filter#com.android.launcher3.action.INSTALL_SHORTCUT
ADDED from AndroidManifest.xml:128:4
action#com.android.launcher3.action.INSTALL_SHORTCUT
ADDED from AndroidManifest.xml:129:5
	android:name
		ADDED from AndroidManifest.xml:129:13
receiver#com.android.launcher3.UninstallShortcutReceiver
ADDED from AndroidManifest.xml:134:3
	android:permission
		ADDED from AndroidManifest.xml:135:4
	android:name
		ADDED from AndroidManifest.xml:134:13
intent-filter#com.android.launcher3.action.UNINSTALL_SHORTCUT
ADDED from AndroidManifest.xml:136:4
action#com.android.launcher3.action.UNINSTALL_SHORTCUT
ADDED from AndroidManifest.xml:137:5
	android:name
		ADDED from AndroidManifest.xml:137:13
receiver#com.android.launcher3.UserInitializeReceiver
ADDED from AndroidManifest.xml:142:3
	android:exported
		ADDED from AndroidManifest.xml:143:4
	android:name
		ADDED from AndroidManifest.xml:142:13
intent-filter#android.intent.action.USER_INITIALIZE
ADDED from AndroidManifest.xml:144:4
action#android.intent.action.USER_INITIALIZE
ADDED from AndroidManifest.xml:145:5
	android:name
		ADDED from AndroidManifest.xml:145:13
receiver#com.android.launcher3.PackageChangedReceiver
ADDED from AndroidManifest.xml:149:3
	android:name
		ADDED from AndroidManifest.xml:149:13
intent-filter#android.intent.action.PACKAGE_CHANGED+android.intent.action.PACKAGE_REMOVED+android.intent.action.PACKAGE_REPLACED
ADDED from AndroidManifest.xml:150:4
action#android.intent.action.PACKAGE_CHANGED
ADDED from AndroidManifest.xml:151:5
	android:name
		ADDED from AndroidManifest.xml:151:13
action#android.intent.action.PACKAGE_REPLACED
ADDED from AndroidManifest.xml:152:5
	android:name
		ADDED from AndroidManifest.xml:152:13
action#android.intent.action.PACKAGE_REMOVED
ADDED from AndroidManifest.xml:153:5
	android:name
		ADDED from AndroidManifest.xml:153:13
provider#com.android.launcher3.LauncherProvider
ADDED from AndroidManifest.xml:159:3
	android:exported
		ADDED from AndroidManifest.xml:161:4
	android:authorities
		ADDED from AndroidManifest.xml:160:4
	android:readPermission
		ADDED from AndroidManifest.xml:162:4
	android:name
		ADDED from AndroidManifest.xml:159:13
	android:writePermission
		ADDED from AndroidManifest.xml:161:28
meta-data#android.nfc.disable_beam_default
ADDED from AndroidManifest.xml:164:3
	android:name
		ADDED from AndroidManifest.xml:164:14
	android:value
		ADDED from AndroidManifest.xml:165:4